internal/modules/cjs/loader.js:583
    throw err;
    ^

Error: Cannot find module 'jsonwebtoken'
    at Function.Module._resolveFilename (internal/modules/cjs/loader.js:581:15)
    at Function.Module._load (internal/modules/cjs/loader.js:507:25)
    at Module.require (internal/modules/cjs/loader.js:637:17)
    at require (internal/modules/cjs/helpers.js:22:18)
    at Object.<anonymous> (C:\Users\shekhar\Documents\Demo\BackEnd\app.js:7:11)
    at Module._compile (internal/modules/cjs/loader.js:689:30)
    at Object.Module._extensions..js (internal/modules/cjs/loader.js:700:10)
    at Module.load (internal/modules/cjs/loader.js:599:32)
    at tryModuleLoad (internal/modules/cjs/loader.js:538:12)
    at Function.Module._load (internal/modules/cjs/loader.js:530:3)
internal/modules/cjs/loader.js:583
    throw err;
    ^

Error: Cannot find module 'jsonwebtoken'
    at Function.Module._resolveFilename (internal/modules/cjs/loader.js:581:15)
    at Function.Module._load (internal/modules/cjs/loader.js:507:25)
    at Module.require (internal/modules/cjs/loader.js:637:17)
    at require (internal/modules/cjs/helpers.js:22:18)
    at Object.<anonymous> (C:\Users\shekhar\Documents\Demo\BackEnd\app.js:7:11)
    at Module._compile (internal/modules/cjs/loader.js:689:30)
    at Object.Module._extensions..js (internal/modules/cjs/loader.js:700:10)
    at Module.load (internal/modules/cjs/loader.js:599:32)
    at tryModuleLoad (internal/modules/cjs/loader.js:538:12)
    at Function.Module._load (internal/modules/cjs/loader.js:530:3)
internal/modules/cjs/loader.js:583
    throw err;
    ^

Error: Cannot find module 'jsonwebtoken'
    at Function.Module._resolveFilename (internal/modules/cjs/loader.js:581:15)
    at Function.Module._load (internal/modules/cjs/loader.js:507:25)
    at Module.require (internal/modules/cjs/loader.js:637:17)
    at require (internal/modules/cjs/helpers.js:22:18)
    at Object.<anonymous> (C:\Users\shekhar\Documents\Demo\BackEnd\app.js:7:11)
    at Module._compile (internal/modules/cjs/loader.js:689:30)
    at Object.Module._extensions..js (internal/modules/cjs/loader.js:700:10)
    at Module.load (internal/modules/cjs/loader.js:599:32)
    at tryModuleLoad (internal/modules/cjs/loader.js:538:12)
    at Function.Module._load (internal/modules/cjs/loader.js:530:3)
C:\Users\shekhar\AppData\Roaming\npm\node_modules\qckwinsvc\node_modules\node-windows\lib\wrapper.js:177
    child.send('shutdown');
          ^

TypeError: Cannot read property 'send' of null
    at process.killkid (C:\Users\shekhar\AppData\Roaming\npm\node_modules\qckwinsvc\node_modules\node-windows\lib\wrapper.js:177:11)
    at process.emit (events.js:182:13)
    at process.exit (internal/process/per_thread.js:168:15)
    at monitor (C:\Users\shekhar\AppData\Roaming\npm\node_modules\qckwinsvc\node_modules\node-windows\lib\wrapper.js:99:17)
    at ChildProcess.<anonymous> (C:\Users\shekhar\AppData\Roaming\npm\node_modules\qckwinsvc\node_modules\node-windows\lib\wrapper.js:170:5)
    at ChildProcess.emit (events.js:182:13)
    at Process.ChildProcess._handle.onexit (internal/child_process.js:240:12)
